* 
|  : Sun Dec 13 19:46:43 2015 +0800 : no message
* 
|  : Sun Dec 13 19:43:32 2015 +0800 : I'M DONE ICE CUBE STRESS FINISH
* 
|  : Sun Dec 13 19:35:32 2015 +0800 : Coded thee functions
* 
|  : Sun Dec 13 02:33:53 2015 +0800 : Finishes to Dweller:getSPECIAL(){}
* 
|  : Sun Dec 13 01:31:40 2015 +0800 : Added SPECIAL values
* 
|  : Sun Dec 13 01:14:04 2015 +0800 : Added returns to getvalues()
* 
|  : Sun Dec 13 00:34:09 2015 +0800 : Done Dweller.cpp
* 
|  : Sun Dec 13 00:19:54 2015 +0800 : Weapon.cpp, outfit.cpp , Vec2D.cpp
* 
|  : Sun Dec 13 00:07:24 2015 +0800 : Item.cpp and GameObject.cpp
* 
|  : Fri Dec 11 13:34:51 2015 +0800 : Updated with all variables
* 
|  : Wed Dec 9 19:51:02 2015 +0800 : Start of Assignment: Blank .h files, compile.cpp and main.cpp files
* 
   : Wed Dec 9 19:38:36 2015 +0800 : Initial commit